Added Component: Designator=*1(BVS-R002-1P0)
Added Component: Designator=C16(CAP 0402_1005)
Add component (AddParameter): Name = "Applications"; Value = "Automotive"; VariantName = "[No Variations]"
Add component (AddParameter): Name = "Capacitance"; Value = "220 pF"; VariantName = "[No Variations]"
Add component (AddParameter): Name = "componentlink2description"; Value = "DigiKey Link"; VariantName = "[No Variations]"
Add component (AddParameter): Name = "componentlink2url"; Value = "https://www.digikey.com/en/products/detail/taiyo-yuden/UMK105CH221JVHF/6563668"; VariantName = "[No Variations]"
Add component (AddParameter): Name = "Device Package"; Value = "0402 (1005 Metric)"; VariantName = "[No Variations]"
Add component (AddParameter): Name = "lastupdated"; Value = "2024-01-28 8:04:19 PM"; VariantName = "[No Variations]"
Add component (AddParameter): Name = "Lifecycle Status"; Value = "Active"; VariantName = "[No Variations]"
Add component (AddParameter): Name = "manufacturer"; Value = "Taiyo Yuden"; VariantName = "[No Variations]"
Add component (AddParameter): Name = "Minimum Order"; Value = "1"; VariantName = "[No Variations]"
Add component (AddParameter): Name = "Mounting Type"; Value = "Surface Mount, MLCC"; VariantName = "[No Variations]"
Add component (AddParameter): Name = "Package / Case"; Value = "0402 (1005 Metric)"; VariantName = "[No Variations]"
Add component (AddParameter): Name = "packaging"; Value = "TapeAndReel"; VariantName = "[No Variations]"
Add component (AddParameter): Name = "Part Number"; Value = "UMK105CH221JVHF"; VariantName = "[No Variations]"
Add component (AddParameter): Name = "Part Status"; Value = "Active"; VariantName = "[No Variations]"
Add component (AddParameter): Name = "partid"; Value = "1938"; VariantName = "[No Variations]"
Add component (AddParameter): Name = "price"; Value = "0.01"; VariantName = "[No Variations]"
Add component (AddParameter): Name = "Ratings"; Value = "AEC-Q200"; VariantName = "[No Variations]"
Add component (AddParameter): Name = "series"; Value = "M"; VariantName = "[No Variations]"
Add component (AddParameter): Name = "Size / Dimension"; Value = "0.039" L x 0.020" W (1.00mm x 0.50mm)"; VariantName = "[No Variations]"
Add component (AddParameter): Name = "Supplier 1"; Value = "DigiKey"; VariantName = "[No Variations]"
Add component (AddParameter): Name = "Supplier Part Number 1"; Value = "587-5075-1-ND"; VariantName = "[No Variations]"
Add component (AddParameter): Name = "Temperature Coefficient"; Value = "CH"; VariantName = "[No Variations]"
Add component (AddParameter): Name = "Tolerance"; Value = "±5%"; VariantName = "[No Variations]"
Add component (AddParameter): Name = "Value"; Value = "220 pF"; VariantName = "[No Variations]"
Add component (AddParameter): Name = "Voltage - Rated"; Value = "50V"; VariantName = "[No Variations]"
Added Component: Designator=I3(FP-M20-9990246-MFG)
Add component (AddParameter): Name = "Automotive"; Value = "No"; VariantName = "[No Variations]"
Add component (AddParameter): Name = "Category"; Value = "Conn"; VariantName = "[No Variations]"
Add component (AddParameter): Name = "ComponentLink2Description"; Value = "Datasheet"; VariantName = "[No Variations]"
Add component (AddParameter): Name = "ComponentLink2URL"; Value = "https://cdn.harwin.com/pdfs/M20-999.pdf"; VariantName = "[No Variations]"
Add component (AddParameter): Name = "Conn Gender"; Value = "Male"; VariantName = "[No Variations]"
Add component (AddParameter): Name = "Conn Orientation"; Value = "Vertical"; VariantName = "[No Variations]"
Add component (AddParameter): Name = "Contact Material"; Value = "Tin,Nickel"; VariantName = "[No Variations]"
Add component (AddParameter): Name = "Current Rating"; Value = "3A"; VariantName = "[No Variations]"
Add component (AddParameter): Name = "Device Class L1"; Value = "Connectors"; VariantName = "[No Variations]"
Add component (AddParameter): Name = "Device Class L2"; Value = "Headers and Wire Housings"; VariantName = "[No Variations]"
Add component (AddParameter): Name = "Device Class L3"; Value = "unset"; VariantName = "[No Variations]"
Add component (AddParameter): Name = "Digikey Description"; Value = "CONN HEADER VERT 2POS 2.54MM"; VariantName = "[No Variations]"
Add component (AddParameter): Name = "Height"; Value = "8.99mm"; VariantName = "[No Variations]"
Add component (AddParameter): Name = "Lead Free"; Value = "Yes"; VariantName = "[No Variations]"
Add component (AddParameter): Name = "Manufacturer"; Value = "Harwin"; VariantName = "[No Variations]"
Add component (AddParameter): Name = "Manufacturer Part Number"; Value = "M20-9990246"; VariantName = "[No Variations]"
Add component (AddParameter): Name = "Mouser Description"; Value = "2.54mm (0.1") Pitch SIL Vertical PC Tail Pin Header, 6.1mm mating pin height, tin, 2 contacts"; VariantName = "[No Variations]"
Add component (AddParameter): Name = "Number Of Contacts"; Value = "2"; VariantName = "[No Variations]"
Add component (AddParameter): Name = "Number Of Rows"; Value = "1"; VariantName = "[No Variations]"
Add component (AddParameter): Name = "Octopart"; Value = "https://octopart.com/m20-9990246-harwin-2590635"; VariantName = "[No Variations]"
Add component (AddParameter): Name = "Package"; Value = "M20-9990246"; VariantName = "[No Variations]"
Add component (AddParameter): Name = "Pitch"; Value = "2.54mm"; VariantName = "[No Variations]"
Add component (AddParameter): Name = "RoHS"; Value = "TRUE"; VariantName = "[No Variations]"
Add component (AddParameter): Name = "Temperature"; Value = "-40°C to +105°C"; VariantName = "[No Variations]"
Add component (AddParameter): Name = "Temperature Range High"; Value = "+105°C"; VariantName = "[No Variations]"
Add component (AddParameter): Name = "Temperature Range Low"; Value = "-40°C"; VariantName = "[No Variations]"
Added Component: Designator=J8(TE 282834-2)
Add component (AddParameter): Name = "Color"; Value = "Green"; VariantName = "[No Variations]"
Add component (AddParameter): Name = "ComponentLink1Description"; Value = "Datasheet"; VariantName = "[No Variations]"
Add component (AddParameter): Name = "ComponentLink1URL"; Value = "https://www.te.com/commerce/DocumentDelivery/DDEController?Action=srchrtrv&DocNm=282834&DocType=Customer+Drawing&DocLang=English"; VariantName = "[No Variations]"
Add component (AddParameter): Name = "ComponentLink2Description"; Value = "DigiKey Link"; VariantName = "[No Variations]"
Add component (AddParameter): Name = "ComponentLink2URL"; Value = "http://digikey.com/product-detail/en/te-connectivity-amp-connectors/282834-2/A98333-ND/1150135"; VariantName = "[No Variations]"
Add component (AddParameter): Name = "Current"; Value = "10A"; VariantName = "[No Variations]"
Add component (AddParameter): Name = "LastUpdated"; Value = "2020-01-15 4:15:38 AM"; VariantName = "[No Variations]"
Add component (AddParameter): Name = "Lifecycle Status"; Value = "Active"; VariantName = "[No Variations]"
Add component (AddParameter): Name = "Manufacturer"; Value = "TE Connectivity AMP Connectors"; VariantName = "[No Variations]"
Add component (AddParameter): Name = "Mating Orientation"; Value = "Horizontal with Board"; VariantName = "[No Variations]"
Add component (AddParameter): Name = "Minimum Order"; Value = "1"; VariantName = "[No Variations]"
Add component (AddParameter): Name = "Mounting Type"; Value = "Through Hole"; VariantName = "[No Variations]"
Add component (AddParameter): Name = "Number of Levels"; Value = "1"; VariantName = "[No Variations]"
Add component (AddParameter): Name = "Packaging"; Value = "Bulk"; VariantName = "[No Variations]"
Add component (AddParameter): Name = "Part Number"; Value = "282834-2"; VariantName = "[No Variations]"
Add component (AddParameter): Name = "Part Status"; Value = "Active"; VariantName = "[No Variations]"
Add component (AddParameter): Name = "Pitch"; Value = "0.100" (2.54mm)"; VariantName = "[No Variations]"
Add component (AddParameter): Name = "Positions Per Level"; Value = "2"; VariantName = "[No Variations]"
Add component (AddParameter): Name = "Price"; Value = "0.88"; VariantName = "[No Variations]"
Add component (AddParameter): Name = "Series"; Value = "Buchanan"; VariantName = "[No Variations]"
Add component (AddParameter): Name = "Supplier 1"; Value = "DigiKey"; VariantName = "[No Variations]"
Add component (AddParameter): Name = "Supplier Part Number 1"; Value = "A98333-ND"; VariantName = "[No Variations]"
Add component (AddParameter): Name = "Voltage"; Value = "150V"; VariantName = "[No Variations]"
Add component (AddParameter): Name = "Wire Gauge"; Value = "16-30 AWG"; VariantName = "[No Variations]"
Add component (AddParameter): Name = "Wire Termination"; Value = "Screw - Rising Cage Clamp"; VariantName = "[No Variations]"
Added Component: Designator=J9(MOLEX 0399200302)
Add component (AddParameter): Name = "Color"; Value = "Black"; VariantName = "[No Variations]"
Add component (AddParameter): Name = "ComponentLink1Description"; Value = "Datasheet"; VariantName = "[No Variations]"
Add component (AddParameter): Name = "ComponentLink1URL"; Value = "https://www.molex.com/pdm_docs/sd/399200302_sd.pdf"; VariantName = "[No Variations]"
Add component (AddParameter): Name = "ComponentLink2Description"; Value = "DigiKey Link"; VariantName = "[No Variations]"
Add component (AddParameter): Name = "ComponentLink2URL"; Value = "https://www.digikey.com/en/products/detail/molex/0399200302/3316297"; VariantName = "[No Variations]"
Add component (AddParameter): Name = "Current"; Value = "115 A"; VariantName = "[No Variations]"
Add component (AddParameter): Name = "LastUpdated"; Value = "2022-03-05 4:30:55 PM"; VariantName = "[No Variations]"
Add component (AddParameter): Name = "Lifecycle Status"; Value = "Active"; VariantName = "[No Variations]"
Add component (AddParameter): Name = "Manufacturer"; Value = "Molex"; VariantName = "[No Variations]"
Add component (AddParameter): Name = "Mating Orientation"; Value = "Horizontal with Board"; VariantName = "[No Variations]"
Add component (AddParameter): Name = "Minimum Order"; Value = "1"; VariantName = "[No Variations]"
Add component (AddParameter): Name = "Mounting Type"; Value = "Through Hole"; VariantName = "[No Variations]"
Add component (AddParameter): Name = "Number of Levels"; Value = "1"; VariantName = "[No Variations]"
Add component (AddParameter): Name = "Packaging"; Value = "Bulk"; VariantName = "[No Variations]"
Add component (AddParameter): Name = "Part Number"; Value = "0399200302"; VariantName = "[No Variations]"
Add component (AddParameter): Name = "Part Status"; Value = "Active"; VariantName = "[No Variations]"
Add component (AddParameter): Name = "Pitch"; Value = "0.591" (15.00mm)"; VariantName = "[No Variations]"
Add component (AddParameter): Name = "Positions Per Level"; Value = "2"; VariantName = "[No Variations]"
Add component (AddParameter): Name = "Price"; Value = "5.90"; VariantName = "[No Variations]"
Add component (AddParameter): Name = "Series"; Value = "Eurostyle 39920"; VariantName = "[No Variations]"
Add component (AddParameter): Name = "Supplier 1"; Value = "DigiKey"; VariantName = "[No Variations]"
Add component (AddParameter): Name = "Supplier Part Number 1"; Value = "WM20114-ND"; VariantName = "[No Variations]"
Add component (AddParameter): Name = "Voltage"; Value = "600 V"; VariantName = "[No Variations]"
Add component (AddParameter): Name = "Wire Gauge"; Value = "1-8 AWG"; VariantName = "[No Variations]"
Add component (AddParameter): Name = "Wire Termination"; Value = "Screw - Rising Cage Clamp"; VariantName = "[No Variations]"
Added Component: Designator=J10(MOLEX 0399200302)
Add component (AddParameter): Name = "Color"; Value = "Black"; VariantName = "[No Variations]"
Add component (AddParameter): Name = "ComponentLink1Description"; Value = "Datasheet"; VariantName = "[No Variations]"
Add component (AddParameter): Name = "ComponentLink1URL"; Value = "https://www.molex.com/pdm_docs/sd/399200302_sd.pdf"; VariantName = "[No Variations]"
Add component (AddParameter): Name = "ComponentLink2Description"; Value = "DigiKey Link"; VariantName = "[No Variations]"
Add component (AddParameter): Name = "ComponentLink2URL"; Value = "https://www.digikey.com/en/products/detail/molex/0399200302/3316297"; VariantName = "[No Variations]"
Add component (AddParameter): Name = "Current"; Value = "115 A"; VariantName = "[No Variations]"
Add component (AddParameter): Name = "LastUpdated"; Value = "2022-03-05 4:30:55 PM"; VariantName = "[No Variations]"
Add component (AddParameter): Name = "Lifecycle Status"; Value = "Active"; VariantName = "[No Variations]"
Add component (AddParameter): Name = "Manufacturer"; Value = "Molex"; VariantName = "[No Variations]"
Add component (AddParameter): Name = "Mating Orientation"; Value = "Horizontal with Board"; VariantName = "[No Variations]"
Add component (AddParameter): Name = "Minimum Order"; Value = "1"; VariantName = "[No Variations]"
Add component (AddParameter): Name = "Mounting Type"; Value = "Through Hole"; VariantName = "[No Variations]"
Add component (AddParameter): Name = "Number of Levels"; Value = "1"; VariantName = "[No Variations]"
Add component (AddParameter): Name = "Packaging"; Value = "Bulk"; VariantName = "[No Variations]"
Add component (AddParameter): Name = "Part Number"; Value = "0399200302"; VariantName = "[No Variations]"
Add component (AddParameter): Name = "Part Status"; Value = "Active"; VariantName = "[No Variations]"
Add component (AddParameter): Name = "Pitch"; Value = "0.591" (15.00mm)"; VariantName = "[No Variations]"
Add component (AddParameter): Name = "Positions Per Level"; Value = "2"; VariantName = "[No Variations]"
Add component (AddParameter): Name = "Price"; Value = "5.90"; VariantName = "[No Variations]"
Add component (AddParameter): Name = "Series"; Value = "Eurostyle 39920"; VariantName = "[No Variations]"
Add component (AddParameter): Name = "Supplier 1"; Value = "DigiKey"; VariantName = "[No Variations]"
Add component (AddParameter): Name = "Supplier Part Number 1"; Value = "WM20114-ND"; VariantName = "[No Variations]"
Add component (AddParameter): Name = "Voltage"; Value = "600 V"; VariantName = "[No Variations]"
Add component (AddParameter): Name = "Wire Gauge"; Value = "1-8 AWG"; VariantName = "[No Variations]"
Add component (AddParameter): Name = "Wire Termination"; Value = "Screw - Rising Cage Clamp"; VariantName = "[No Variations]"
Added Component: Designator=TP8(Test_point1)
Added Component: Designator=TP9(Test_point1)
Added Component: Designator=TP10(Test_point1)
Added Component: Designator=TP11(Test_point1)
Added Component: Designator=U7(SOP65P490X110-8N)
Add component (AddParameter): Name = "Check_prices"; Value = "https://www.snapeda.com/parts/LT6100IMS8%23PBF/Analog+Devices/view-part/?ref=eda"; VariantName = "[No Variations]"
Add component (AddParameter): Name = "Component Type"; Value = "Standard"; VariantName = "[No Variations]"
Add component (AddParameter): Name = "Design Item ID"; Value = "LT6100IMS8#PBF"; VariantName = "[No Variations]"
Add component (AddParameter): Name = "MF"; Value = "Analog Devices"; VariantName = "[No Variations]"
Add component (AddParameter): Name = "MP"; Value = "LT6100IMS8#PBF"; VariantName = "[No Variations]"
Add component (AddParameter): Name = "Package"; Value = "MSOP-8 Analog Devices"; VariantName = "[No Variations]"
Add component (AddParameter): Name = "Pin Count"; Value = "8"; VariantName = "[No Variations]"
Add component (AddParameter): Name = "SnapEDA_Link"; Value = "https://www.snapeda.com/parts/LT6100IMS8%23PBF/Analog+Devices/view-part/?ref=snap"; VariantName = "[No Variations]"
Add component (AddParameter): Name = "Source"; Value = "LT6100IMS8#PBF.SchLib"; VariantName = "[No Variations]"
Add component (AddParameter): Name = "Value"; Value = ""; VariantName = "[No Variations]"
Added Net: Name=+3V3
Added Pin To Net: NetName=+5V Pin=J8-2
Added Pin To Net: NetName=+5V Pin=U7-2
Added Net: Name=+5V
Added Net: Name=+12V
Added Pin To Net: NetName=GND Pin=C16-1
Added Pin To Net: NetName=GND Pin=J8-1
Added Pin To Net: NetName=GND Pin=J9-1
Added Pin To Net: NetName=GND Pin=J9-1
Added Pin To Net: NetName=GND Pin=J9-1
Added Pin To Net: NetName=GND Pin=J9-1
Added Pin To Net: NetName=GND Pin=J10-1
Added Pin To Net: NetName=GND Pin=J10-1
Added Pin To Net: NetName=GND Pin=J10-1
Added Pin To Net: NetName=GND Pin=J10-1
Added Pin To Net: NetName=GND Pin=U7-4
Added Pin To Net: NetName=GND Pin=U7-7
Added Net: Name=GND
Added Net: Name=NetC1_2
Added Net: Name=NetC2_2
Added Net: Name=NetC3_1
Added Net: Name=NetC3_2
Added Net: Name=NetC11_1
Added Net: Name=NetC11_2
Added Pin To Net: NetName=NetC16_2 Pin=C16-2
Added Pin To Net: NetName=NetC16_2 Pin=U7-3
Added Net: Name=NetC16_2
Added Net: Name=NetGH and GL1_1
Added Net: Name=NetGH and GL1_2
Added Net: Name=NetI1_1
Added Net: Name=NetI1_2
Added Net: Name=NetI2_1
Added Pin To Net: NetName=NetI3_2 Pin=I3-2
Added Pin To Net: NetName=NetI3_2 Pin=U7-5
Added Net: Name=NetI3_2
Added Net: Name=NetJ3_1
Added Net: Name=NetJ5_1
Added Net: Name=NetJ6_3
Added Net: Name=NetJ6_4
Added Net: Name=NetL1_1
Added Net: Name=NetR1_2
Added Net: Name=NetR2_1
Added Net: Name=NetR3_2
Added Net: Name=NetR4_2
Added Net: Name=NetR6_2
Added Net: Name=NetR7_2
Added Net: Name=NetR8_2
Added Net: Name=NetR8_4
Added Net: Name=NetR9_2
Added Net: Name=NetR10_2
Added Pin To Net: NetName=VBAT_IN Pin=*1-2
Added Pin To Net: NetName=VBAT_IN Pin=J9-2
Added Pin To Net: NetName=VBAT_IN Pin=J9-2
Added Pin To Net: NetName=VBAT_IN Pin=J9-2
Added Pin To Net: NetName=VBAT_IN Pin=J9-2
Added Pin To Net: NetName=VBAT_IN Pin=U7-8
Added Net: Name=VBAT_IN
Added Pin To Net: NetName=VBAT Pin=*1-1
Added Pin To Net: NetName=VBAT Pin=J10-2
Added Pin To Net: NetName=VBAT Pin=J10-2
Added Pin To Net: NetName=VBAT Pin=J10-2
Added Pin To Net: NetName=VBAT Pin=J10-2
Added Pin To Net: NetName=VBAT Pin=U7-1
Added Net: Name=VBAT
Added Member To Class: ClassName=Current Sensing Member=Component *1 BVS-AR002-1P0
Add Class Member: Failed to add class member : Component C1 4.7µF
Add Class Member: Failed to add class member : Component C2 1 µF
Add Class Member: Failed to add class member : Component C3 0.1 µF
Add Class Member: Failed to add class member : Component C4 0.1 µF
Add Class Member: Failed to add class member : Component C5 875075655006
Add Class Member: Failed to add class member : Component C6 0.1 µF
Add Class Member: Failed to add class member : Component C7 TMK325B7226MM-TR
Add Class Member: Failed to add class member : Component C8 10u
Add Class Member: Failed to add class member : Component C9 10u
Add Class Member: Failed to add class member : Component C10 10u
Add Class Member: Failed to add class member : Component C11 0.1uF
Add Class Member: Failed to add class member : Component C12 22u
Add Class Member: Failed to add class member : Component C13 22u
Add Class Member: Failed to add class member : Component C14 1uF
Add Class Member: Failed to add class member : Component C15 1uF
Added Member To Class: ClassName=Current Sensing Member=Component C16 220 pF
Add Class Member: Failed to add class member : Component D1 SSB43L-E3/52T
Add Class Member: Failed to add class member : Component GH and GL1 M20-9990246
Add Class Member: Failed to add class member : Component I1 M20-9990246
Add Class Member: Failed to add class member : Component I2 M20-9990246
Added Member To Class: ClassName=Current Sensing Member=Component I3 M20-9990246
Add Class Member: Failed to add class member : Component J1 0399200302
Add Class Member: Failed to add class member : Component J2 0399200302
Add Class Member: Failed to add class member : Component J3 *FIT0588
Add Class Member: Failed to add class member : Component J4 M20-9990246
Add Class Member: Failed to add class member : Component J5 SM02B-GHS-TB
Add Class Member: Failed to add class member : Component J6 PPTC041LFBN-RC
Add Class Member: Failed to add class member : Component J7 Bar30-SENSOR
Added Member To Class: ClassName=Current Sensing Member=Component J8 282834-2
Added Member To Class: ClassName=Current Sensing Member=Component J9 0399200302
Added Member To Class: ClassName=Current Sensing Member=Component J10 0399200302
Add Class Member: Failed to add class member : Component L1 IHLP6767GZERR47M51
Add Class Member: Failed to add class member : Component L2 6.8u
Add Class Member: Failed to add class member : Component R1 100 kOhms
Add Class Member: Failed to add class member : Component R2 562 kOhms
Add Class Member: Failed to add class member : Component R3 3.3 Ohms
Add Class Member: Failed to add class member : Component R4 11 kOhms
Add Class Member: Failed to add class member : Component R5 309 kOhms
Add Class Member: Failed to add class member : Component R6 2.87 kOhms
Add Class Member: Failed to add class member : Component R7 3.48 kOhms
Add Class Member: Failed to add class member : Component R8 Resistor Signal Switch
Add Class Member: Failed to add class member : Component R9 10k
Add Class Member: Failed to add class member : Component R10 10k
Add Class Member: Failed to add class member : Component R11 10k
Add Class Member: Failed to add class member : Component R12 10k
Add Class Member: Failed to add class member : Component R13 10k
Add Class Member: Failed to add class member : Component TP1 TP_1
Add Class Member: Failed to add class member : Component TP2 TP_1
Add Class Member: Failed to add class member : Component TP3 TP_1
Add Class Member: Failed to add class member : Component TP4 TP_1
Add Class Member: Failed to add class member : Component TP5 TP_1
Add Class Member: Failed to add class member : Component TP6 TP_1
Add Class Member: Failed to add class member : Component TP7 TP_1
Added Member To Class: ClassName=Current Sensing Member=Component TP8 TP_1
Added Member To Class: ClassName=Current Sensing Member=Component TP9 TP_1
Added Member To Class: ClassName=Current Sensing Member=Component TP10 TP_1
Added Member To Class: ClassName=Current Sensing Member=Component TP11 TP_1
Add Class Member: Failed to add class member : Component U1 SIC450ED-T1-GE3
Add Class Member: Failed to add class member : Component U2 NUCLEO-F446ZE
Add Class Member: Failed to add class member : Component U3 ADP2303ARDZ-5.0-R7
Add Class Member: Failed to add class member : Component U4 NCP186AMX330TAG
Add Class Member: Failed to add class member : Component U5 EV3419A
Add Class Member: Failed to add class member : Component U6 MIKROE-3449
Added Member To Class: ClassName=Current Sensing Member=Component U7 LT6100IMS8#PBF
Added Room: Name=Current Sensing
