Change Component Designator: OldDesignator=*1 NewDesignator=*9
Change Component Designator: OldDesignator=I3 NewDesignator=I4
Change Component Designator: OldDesignator=J8 NewDesignator=J10
Change Component Designator: OldDesignator=J9 NewDesignator=J11
Change Component Designator: OldDesignator=J10 NewDesignator=J12
Added Component: Designator=*10(Mounting_Hole)
Added Component: Designator=*11(Mounting_Hole)
Added Component: Designator=*12(Mounting_Hole)
Added Component: Designator=*13(Mounting_Hole)
Add Pin To Net: Unknown Pin: Pin *1-1
Add Pin To Net: Unknown Pin: Pin *2-1
Add Pin To Net: Unknown Pin: Pin *3-1
Add Pin To Net: Unknown Pin: Pin *4-1
Add Pin To Net: Unknown Pin: Pin *5-1
Add Pin To Net: Unknown Pin: Pin *6-1
Add Pin To Net: Unknown Pin: Pin *7-1
Add Pin To Net: Unknown Pin: Pin *8-1
Added Pin To Net: NetName=GND Pin=*10-1
Added Pin To Net: NetName=GND Pin=*11-1
Added Pin To Net: NetName=GND Pin=*12-1
Added Pin To Net: NetName=GND Pin=*13-1
Add Pin To Net: Unknown Pin: Pin C1-1
Add Pin To Net: Unknown Pin: Pin C1-2
Add Pin To Net: Unknown Pin: Pin C2-1
Add Pin To Net: Unknown Pin: Pin C2-2
Add Pin To Net: Unknown Pin: Pin C3-1
Add Pin To Net: Unknown Pin: Pin C3-2
Add Pin To Net: Unknown Pin: Pin C4-1
Add Pin To Net: Unknown Pin: Pin C4-2
Add Pin To Net: Unknown Pin: Pin C5-1
Add Pin To Net: Unknown Pin: Pin C5-2
Add Pin To Net: Unknown Pin: Pin C6-1
Add Pin To Net: Unknown Pin: Pin C6-2
Add Pin To Net: Unknown Pin: Pin C7-1
Add Pin To Net: Unknown Pin: Pin C7-2
Add Pin To Net: Unknown Pin: Pin C8-1
Add Pin To Net: Unknown Pin: Pin C8-2
Add Pin To Net: Unknown Pin: Pin C9-1
Add Pin To Net: Unknown Pin: Pin C9-2
Add Pin To Net: Unknown Pin: Pin C10-1
Add Pin To Net: Unknown Pin: Pin C10-2
Add Pin To Net: Unknown Pin: Pin C11-1
Add Pin To Net: Unknown Pin: Pin C11-2
Add Pin To Net: Unknown Pin: Pin C12-1
Add Pin To Net: Unknown Pin: Pin C12-2
Add Pin To Net: Unknown Pin: Pin C13-1
Add Pin To Net: Unknown Pin: Pin C13-2
Add Pin To Net: Unknown Pin: Pin C14-1
Add Pin To Net: Unknown Pin: Pin C14-2
Add Pin To Net: Unknown Pin: Pin C15-1
Add Pin To Net: Unknown Pin: Pin C15-2
Add Pin To Net: Unknown Pin: Pin D1-A
Add Pin To Net: Unknown Pin: Pin D1-C
Add Pin To Net: Unknown Pin: Pin I1-1
Add Pin To Net: Unknown Pin: Pin I1-2
Add Pin To Net: Unknown Pin: Pin I2-1
Add Pin To Net: Unknown Pin: Pin J1-1
Add Pin To Net: Unknown Pin: Pin J1-2
Add Pin To Net: Unknown Pin: Pin J2-1
Add Pin To Net: Unknown Pin: Pin J2-2
Add Pin To Net: Unknown Pin: Pin J3-1
Add Pin To Net: Unknown Pin: Pin J5-1
Add Pin To Net: Unknown Pin: Pin J6-1
Add Pin To Net: Unknown Pin: Pin J6-2
Add Pin To Net: Unknown Pin: Pin J7-2
Add Pin To Net: Unknown Pin: Pin J7-M1
Add Pin To Net: Unknown Pin: Pin J7-M2
Add Pin To Net: Unknown Pin: Pin J8-1
Add Pin To Net: Unknown Pin: Pin J8-2
Add Pin To Net: Unknown Pin: Pin J8-3
Add Pin To Net: Unknown Pin: Pin J9-1
Add Pin To Net: Unknown Pin: Pin J9-2
Add Pin To Net: Unknown Pin: Pin J9-3
Add Pin To Net: Unknown Pin: Pin L1-1
Add Pin To Net: Unknown Pin: Pin L1-2
Add Pin To Net: Unknown Pin: Pin L2-1
Add Pin To Net: Unknown Pin: Pin L2-2
Add Pin To Net: Unknown Pin: Pin R1-1
Add Pin To Net: Unknown Pin: Pin R1-2
Add Pin To Net: Unknown Pin: Pin R2-1
Add Pin To Net: Unknown Pin: Pin R2-2
Add Pin To Net: Unknown Pin: Pin R3-1
Add Pin To Net: Unknown Pin: Pin R3-2
Add Pin To Net: Unknown Pin: Pin R4-1
Add Pin To Net: Unknown Pin: Pin R4-2
Add Pin To Net: Unknown Pin: Pin R5-1
Add Pin To Net: Unknown Pin: Pin R5-2
Add Pin To Net: Unknown Pin: Pin R6-1
Add Pin To Net: Unknown Pin: Pin R6-2
Add Pin To Net: Unknown Pin: Pin R7-1
Add Pin To Net: Unknown Pin: Pin R7-2
Add Pin To Net: Unknown Pin: Pin R8-1
Add Pin To Net: Unknown Pin: Pin R8-2
Add Pin To Net: Unknown Pin: Pin R9-1
Add Pin To Net: Unknown Pin: Pin R9-2
Add Pin To Net: Unknown Pin: Pin R10-2
Add Pin To Net: Unknown Pin: Pin R11-2
Add Pin To Net: Unknown Pin: Pin R12-1
Add Pin To Net: Unknown Pin: Pin R12-2
Add Pin To Net: Unknown Pin: Pin R13-2
Add Pin To Net: Unknown Pin: Pin TP1-1
Add Pin To Net: Unknown Pin: Pin TP2-1
Add Pin To Net: Unknown Pin: Pin TP3-1
Add Pin To Net: Unknown Pin: Pin TP4-1
Add Pin To Net: Unknown Pin: Pin TP5-1
Add Pin To Net: Unknown Pin: Pin TP6-1
Add Pin To Net: Unknown Pin: Pin TP7-1
Add Pin To Net: Unknown Pin: Pin U1-1_3_34
Add Pin To Net: Unknown Pin: Pin U1-4
Add Pin To Net: Unknown Pin: Pin U1-6
Add Pin To Net: Unknown Pin: Pin U1-7
Add Pin To Net: Unknown Pin: Pin U1-11
Add Pin To Net: Unknown Pin: Pin U1-12
Add Pin To Net: Unknown Pin: Pin U1-13
Add Pin To Net: Unknown Pin: Pin U1-14
Add Pin To Net: Unknown Pin: Pin U1-15
Add Pin To Net: Unknown Pin: Pin U1-16
Add Pin To Net: Unknown Pin: Pin U1-17
Add Pin To Net: Unknown Pin: Pin U1-19
Add Pin To Net: Unknown Pin: Pin U1-20
Add Pin To Net: Unknown Pin: Pin U1-21
Add Pin To Net: Unknown Pin: Pin U1-22
Add Pin To Net: Unknown Pin: Pin U1-23
Add Pin To Net: Unknown Pin: Pin U1-24
Add Pin To Net: Unknown Pin: Pin U1-26_31
Add Pin To Net: Unknown Pin: Pin U1-32_33
Add Pin To Net: Unknown Pin: Pin U2-CN7_2
Add Pin To Net: Unknown Pin: Pin U2-CN7_8
Add Pin To Net: Unknown Pin: Pin U2-CN8_11
Add Pin To Net: Unknown Pin: Pin U2-CN8_13
Add Pin To Net: Unknown Pin: Pin U2-CN8_15
Add Pin To Net: Unknown Pin: Pin U2-CN8_16
Add Pin To Net: Unknown Pin: Pin U2-CN9_1
Add Pin To Net: Unknown Pin: Pin U2-CN9_6
Add Pin To Net: Unknown Pin: Pin U2-CN9_12
Add Pin To Net: Unknown Pin: Pin U2-CN9_23
Add Pin To Net: Unknown Pin: Pin U2-CN10_3
Add Pin To Net: Unknown Pin: Pin U2-CN10_5
Add Pin To Net: Unknown Pin: Pin U2-CN10_17
Add Pin To Net: Unknown Pin: Pin U2-CN10_22
Add Pin To Net: Unknown Pin: Pin U2-CN10_27
Add Pin To Net: Unknown Pin: Pin U3-1
Add Pin To Net: Unknown Pin: Pin U3-2
Add Pin To Net: Unknown Pin: Pin U3-3
Add Pin To Net: Unknown Pin: Pin U3-4
Add Pin To Net: Unknown Pin: Pin U3-5
Add Pin To Net: Unknown Pin: Pin U3-7
Add Pin To Net: Unknown Pin: Pin U3-8
Add Pin To Net: Unknown Pin: Pin U3-9
Add Pin To Net: Unknown Pin: Pin U4-1
Add Pin To Net: Unknown Pin: Pin U4-2
Add Pin To Net: Unknown Pin: Pin U4-4
Add Pin To Net: Unknown Pin: Pin U4-5
Add Pin To Net: Unknown Pin: Pin U4-6
Add Pin To Net: Unknown Pin: Pin U4-7
Add Pin To Net: Unknown Pin: Pin U4-8
Add Pin To Net: Unknown Pin: Pin U4-9
Add Pin To Net: Unknown Pin: Pin U5-6
Add Pin To Net: Unknown Pin: Pin U5-8
Add Pin To Net: Unknown Pin: Pin U5-9
Add Pin To Net: Unknown Pin: Pin U6-7
Add Pin To Net: Unknown Pin: Pin U6-8
Add Pin To Net: Unknown Pin: Pin U6-9
Add Pin To Net: Unknown Pin: Pin U6-10
Add Pin To Net: Unknown Pin: Pin U6-12
Change Net Name : Old Net Name=NetI3_2 New Net Name=NetI4_2
Added Net: Name=NetGH1_1
Added Net: Name=NetGL1_1
Added Net: Name=NetI3_1
Added Net: Name=NetI3_2
Added Net: Name=NetJ3_2
Added Net: Name=NetJ4_2
Added Net: Name=NetJ5_2
Added Net: Name=NetJ7_1
Added Net: Name=NetR10_3
Add Class Member: Failed to add class member : Component *1 Mounting_hole
Add Class Member: Failed to add class member : Component *2 Mounting_hole
Add Class Member: Failed to add class member : Component *3 Mounting_hole
Add Class Member: Failed to add class member : Component *4 Mounting_hole
Add Class Member: Failed to add class member : Component *5 Mounting_hole
Add Class Member: Failed to add class member : Component *6 Mounting_hole
Add Class Member: Failed to add class member : Component *7 Mounting_hole
Add Class Member: Failed to add class member : Component *8 Mounting_hole
Added Member To Class: ClassName=Current Sensing Member=Component *10 Mounting_hole
Added Member To Class: ClassName=Current Sensing Member=Component *11 Mounting_hole
Added Member To Class: ClassName=Current Sensing Member=Component *12 Mounting_hole
Added Member To Class: ClassName=Current Sensing Member=Component *13 Mounting_hole
Add Class Member: Failed to add class member : Component C1 4.7µF
Add Class Member: Failed to add class member : Component C2 1 µF
Add Class Member: Failed to add class member : Component C3 0.1 µF
Add Class Member: Failed to add class member : Component C4 0.1 µF
Add Class Member: Failed to add class member : Component C5 875075655006
Add Class Member: Failed to add class member : Component C6 0.1 µF
Add Class Member: Failed to add class member : Component C7 TMK325B7226MM-TR
Add Class Member: Failed to add class member : Component C8 10u
Add Class Member: Failed to add class member : Component C9 10u
Add Class Member: Failed to add class member : Component C10 10u
Add Class Member: Failed to add class member : Component C11 0.1uF
Add Class Member: Failed to add class member : Component C12 1uF
Add Class Member: Failed to add class member : Component C13 1uF
Add Class Member: Failed to add class member : Component C14 22u
Add Class Member: Failed to add class member : Component C15 22u
Add Class Member: Failed to add class member : Component D1 SSB43L-E3/52T
Add Class Member: Failed to add class member : Component GH1 TP_1
Add Class Member: Failed to add class member : Component GL1 TP_1
Add Class Member: Failed to add class member : Component I1 M20-9990246
Add Class Member: Failed to add class member : Component I2 M20-9990246
Add Class Member: Failed to add class member : Component I3 M20-9990246
Add Class Member: Failed to add class member : Component J1 0399200302
Add Class Member: Failed to add class member : Component J2 0399200302
Add Class Member: Failed to add class member : Component J3 PREC002SAAN-RC
Add Class Member: Failed to add class member : Component J4 FIT5088
Add Class Member: Failed to add class member : Component J5 M20-9990246
Add Class Member: Failed to add class member : Component J6 M20-9990246
Add Class Member: Failed to add class member : Component J7 SM02B-GHS-TB
Add Class Member: Failed to add class member : Component J8 PPTC041LFBN-RC
Add Class Member: Failed to add class member : Component J9 Bar30-SENSOR
Add Class Member: Failed to add class member : Component L1 IHLP6767GZERR47M51
Add Class Member: Failed to add class member : Component L2 6.8u
Add Class Member: Failed to add class member : Component R1 100 kOhms
Add Class Member: Failed to add class member : Component R2 562 kOhms
Add Class Member: Failed to add class member : Component R3 3.3 Ohms
Add Class Member: Failed to add class member : Component R4 11 kOhms
Add Class Member: Failed to add class member : Component R5 309 kOhms
Add Class Member: Failed to add class member : Component R6 2.87 kOhms
Add Class Member: Failed to add class member : Component R7 3.48 kOhms
Add Class Member: Failed to add class member : Component R8 10k
Add Class Member: Failed to add class member : Component R9 10k
Add Class Member: Failed to add class member : Component R10 Resistor Signal Switch
Add Class Member: Failed to add class member : Component R11 10k
Add Class Member: Failed to add class member : Component R12 10k
Add Class Member: Failed to add class member : Component R13 10k
Add Class Member: Failed to add class member : Component TP1 TP_1
Add Class Member: Failed to add class member : Component TP2 TP_1
Add Class Member: Failed to add class member : Component TP3 TP_1
Add Class Member: Failed to add class member : Component TP4 TP_1
Add Class Member: Failed to add class member : Component TP5 TP_1
Add Class Member: Failed to add class member : Component TP6 TP_1
Add Class Member: Failed to add class member : Component TP7 TP_1
Add Class Member: Failed to add class member : Component U1 SIC450ED-T1-GE3
Add Class Member: Failed to add class member : Component U2 NUCLEO-F446ZE
Add Class Member: Failed to add class member : Component U3 ADP2303ARDZ-5.0-R7
Add Class Member: Failed to add class member : Component U4 NCP186AMX330TAG
Add Class Member: Failed to add class member : Component U5 EV3419A
Add Class Member: Failed to add class member : Component U6 MIKROE-3449
Added Room: Name=Current Sensing
