Removed Pin From Net: NetName=GND Pin=*1-1
Removed Pin From Net: NetName=GND Pin=*2-1
Removed Pin From Net: NetName=GND Pin=*3-1
Removed Pin From Net: NetName=GND Pin=*4-1
Removed Member From Class: ClassName=Current Sensing Member=*1
Removed Member From Class: ClassName=Microcontroller Member=TP2
Removed Member From Class: ClassName=Microcontroller Member=TP3
Add Pin To Net: Unknown Pin: Pin *5-1
Add Pin To Net: Unknown Pin: Pin *6-1
Add Pin To Net: Unknown Pin: Pin *7-1
Add Pin To Net: Unknown Pin: Pin *8-1
Add Pin To Net: Unknown Pin: Pin *9-1
Add Pin To Net: Unknown Pin: Pin *9-2
Add Pin To Net: Unknown Pin: Pin *10-1
Add Pin To Net: Unknown Pin: Pin *11-1
Add Pin To Net: Unknown Pin: Pin *12-1
Add Pin To Net: Unknown Pin: Pin *13-1
Add Pin To Net: Unknown Pin: Pin C8-1
Add Pin To Net: Unknown Pin: Pin C8-2
Add Pin To Net: Unknown Pin: Pin C9-1
Add Pin To Net: Unknown Pin: Pin C9-2
Add Pin To Net: Unknown Pin: Pin C10-1
Add Pin To Net: Unknown Pin: Pin C10-2
Add Pin To Net: Unknown Pin: Pin C11-1
Add Pin To Net: Unknown Pin: Pin C11-2
Add Pin To Net: Unknown Pin: Pin C12-1
Add Pin To Net: Unknown Pin: Pin C12-2
Add Pin To Net: Unknown Pin: Pin C13-1
Add Pin To Net: Unknown Pin: Pin C13-2
Add Pin To Net: Unknown Pin: Pin C14-1
Add Pin To Net: Unknown Pin: Pin C14-2
Add Pin To Net: Unknown Pin: Pin C15-1
Add Pin To Net: Unknown Pin: Pin C15-2
Add Pin To Net: Unknown Pin: Pin C16-1
Add Pin To Net: Unknown Pin: Pin C16-2
Add Pin To Net: Unknown Pin: Pin D1-A
Add Pin To Net: Unknown Pin: Pin D1-C
Add Pin To Net: Unknown Pin: Pin I2-1
Add Pin To Net: Unknown Pin: Pin I3-1
Add Pin To Net: Unknown Pin: Pin I3-2
Add Pin To Net: Unknown Pin: Pin I4-2
Add Pin To Net: Unknown Pin: Pin J3-1
Add Pin To Net: Unknown Pin: Pin J3-2
Add Pin To Net: Unknown Pin: Pin J4-2
Add Pin To Net: Unknown Pin: Pin J5-1
Add Pin To Net: Unknown Pin: Pin J5-2
Add Pin To Net: Unknown Pin: Pin J6-1
Add Pin To Net: Unknown Pin: Pin J6-2
Add Pin To Net: Unknown Pin: Pin J7-1
Add Pin To Net: Unknown Pin: Pin J7-2
Add Pin To Net: Unknown Pin: Pin J7-M1
Add Pin To Net: Unknown Pin: Pin J7-M2
Add Pin To Net: Unknown Pin: Pin J8-1
Add Pin To Net: Unknown Pin: Pin J8-2
Add Pin To Net: Unknown Pin: Pin J8-3
Add Pin To Net: Unknown Pin: Pin J8-4
Add Pin To Net: Unknown Pin: Pin J9-1
Add Pin To Net: Unknown Pin: Pin J9-2
Add Pin To Net: Unknown Pin: Pin J9-3
Add Pin To Net: Unknown Pin: Pin J9-4
Add Pin To Net: Unknown Pin: Pin J10-1
Add Pin To Net: Unknown Pin: Pin J10-2
Add Pin To Net: Unknown Pin: Pin J11-1
Add Pin To Net: Unknown Pin: Pin J11-2
Add Pin To Net: Unknown Pin: Pin J12-1
Add Pin To Net: Unknown Pin: Pin J12-2
Add Pin To Net: Unknown Pin: Pin L2-1
Add Pin To Net: Unknown Pin: Pin L2-2
Add Pin To Net: Unknown Pin: Pin R8-1
Add Pin To Net: Unknown Pin: Pin R8-2
Add Pin To Net: Unknown Pin: Pin R9-1
Add Pin To Net: Unknown Pin: Pin R9-2
Add Pin To Net: Unknown Pin: Pin R10-1
Add Pin To Net: Unknown Pin: Pin R10-2
Add Pin To Net: Unknown Pin: Pin R10-3
Add Pin To Net: Unknown Pin: Pin R10-4
Add Pin To Net: Unknown Pin: Pin R11-1
Add Pin To Net: Unknown Pin: Pin R11-2
Add Pin To Net: Unknown Pin: Pin R12-1
Add Pin To Net: Unknown Pin: Pin R12-2
Add Pin To Net: Unknown Pin: Pin R13-1
Add Pin To Net: Unknown Pin: Pin R13-2
Add Pin To Net: Unknown Pin: Pin TP4-1
Add Pin To Net: Unknown Pin: Pin TP5-1
Add Pin To Net: Unknown Pin: Pin TP6-1
Add Pin To Net: Unknown Pin: Pin TP7-1
Add Pin To Net: Unknown Pin: Pin TP8-1
Add Pin To Net: Unknown Pin: Pin TP9-1
Add Pin To Net: Unknown Pin: Pin TP10-1
Add Pin To Net: Unknown Pin: Pin TP11-1
Add Pin To Net: Unknown Pin: Pin U2-CN7_2
Add Pin To Net: Unknown Pin: Pin U2-CN7_4
Add Pin To Net: Unknown Pin: Pin U2-CN7_8
Add Pin To Net: Unknown Pin: Pin U2-CN7_20
Add Pin To Net: Unknown Pin: Pin U2-CN8_11
Add Pin To Net: Unknown Pin: Pin U2-CN8_13
Add Pin To Net: Unknown Pin: Pin U2-CN8_14
Add Pin To Net: Unknown Pin: Pin U2-CN8_15
Add Pin To Net: Unknown Pin: Pin U2-CN8_16
Add Pin To Net: Unknown Pin: Pin U2-CN9_1
Add Pin To Net: Unknown Pin: Pin U2-CN9_4
Add Pin To Net: Unknown Pin: Pin U2-CN9_6
Add Pin To Net: Unknown Pin: Pin U2-CN9_12
Add Pin To Net: Unknown Pin: Pin U2-CN9_23
Add Pin To Net: Unknown Pin: Pin U2-CN9_30
Add Pin To Net: Unknown Pin: Pin U2-CN10_3
Add Pin To Net: Unknown Pin: Pin U2-CN10_5
Add Pin To Net: Unknown Pin: Pin U2-CN10_17
Add Pin To Net: Unknown Pin: Pin U2-CN10_22
Add Pin To Net: Unknown Pin: Pin U2-CN10_27
Add Pin To Net: Unknown Pin: Pin U3-1
Add Pin To Net: Unknown Pin: Pin U3-2
Add Pin To Net: Unknown Pin: Pin U3-3
Add Pin To Net: Unknown Pin: Pin U3-4
Add Pin To Net: Unknown Pin: Pin U3-5
Add Pin To Net: Unknown Pin: Pin U3-7
Add Pin To Net: Unknown Pin: Pin U3-8
Add Pin To Net: Unknown Pin: Pin U3-9
Add Pin To Net: Unknown Pin: Pin U4-1
Add Pin To Net: Unknown Pin: Pin U4-2
Add Pin To Net: Unknown Pin: Pin U4-4
Add Pin To Net: Unknown Pin: Pin U4-5
Add Pin To Net: Unknown Pin: Pin U4-6
Add Pin To Net: Unknown Pin: Pin U4-7
Add Pin To Net: Unknown Pin: Pin U4-8
Add Pin To Net: Unknown Pin: Pin U4-9
Add Pin To Net: Unknown Pin: Pin U5-6
Add Pin To Net: Unknown Pin: Pin U5-7
Add Pin To Net: Unknown Pin: Pin U5-8
Add Pin To Net: Unknown Pin: Pin U5-9
Add Pin To Net: Unknown Pin: Pin U6-7
Add Pin To Net: Unknown Pin: Pin U6-8
Add Pin To Net: Unknown Pin: Pin U6-9
Add Pin To Net: Unknown Pin: Pin U6-10
Add Pin To Net: Unknown Pin: Pin U6-11
Add Pin To Net: Unknown Pin: Pin U6-12
Add Pin To Net: Unknown Pin: Pin U7-1
Add Pin To Net: Unknown Pin: Pin U7-2
Add Pin To Net: Unknown Pin: Pin U7-3
Add Pin To Net: Unknown Pin: Pin U7-4
Add Pin To Net: Unknown Pin: Pin U7-5
Add Pin To Net: Unknown Pin: Pin U7-7
Add Pin To Net: Unknown Pin: Pin U7-8
Add Class Member: Failed to add class member : Component *5 Mounting_hole
Add Class Member: Failed to add class member : Component *6 Mounting_hole
Add Class Member: Failed to add class member : Component *7 Mounting_hole
Add Class Member: Failed to add class member : Component *8 Mounting_hole
Add Class Member: Failed to add class member : Component *9 BVS-AR002-1P0
Add Class Member: Failed to add class member : Component *10 Mounting_hole
Add Class Member: Failed to add class member : Component *11 Mounting_hole
Add Class Member: Failed to add class member : Component *12 Mounting_hole
Add Class Member: Failed to add class member : Component *13 Mounting_hole
Add Class Member: Failed to add class member : Component C8 10u
Add Class Member: Failed to add class member : Component C9 10u
Add Class Member: Failed to add class member : Component C10 10u
Add Class Member: Failed to add class member : Component C11 0.1uF
Add Class Member: Failed to add class member : Component C12 1uF
Add Class Member: Failed to add class member : Component C13 1uF
Add Class Member: Failed to add class member : Component C14 22u
Add Class Member: Failed to add class member : Component C15 22u
Add Class Member: Failed to add class member : Component C16 220 pF
Add Class Member: Failed to add class member : Component D1 SSB43L-E3/52T
Add Class Member: Failed to add class member : Component I2 M20-9990246
Add Class Member: Failed to add class member : Component I3 M20-9990246
Add Class Member: Failed to add class member : Component I4 M20-9990246
Add Class Member: Failed to add class member : Component J3 PREC002SAAN-RC
Add Class Member: Failed to add class member : Component J4 FIT5088
Add Class Member: Failed to add class member : Component J5 M20-9990246
Add Class Member: Failed to add class member : Component J6 M20-9990246
Add Class Member: Failed to add class member : Component J7 SM02B-GHS-TB
Add Class Member: Failed to add class member : Component J8 PPTC041LFBN-RC
Add Class Member: Failed to add class member : Component J9 Bar30-SENSOR
Add Class Member: Failed to add class member : Component J10 282834-2
Add Class Member: Failed to add class member : Component J11 0399200302
Add Class Member: Failed to add class member : Component J12 0399200302
Add Class Member: Failed to add class member : Component L2 6.8u
Add Class Member: Failed to add class member : Component R8 10k
Add Class Member: Failed to add class member : Component R9 10k
Add Class Member: Failed to add class member : Component R10 Resistor Signal Switch
Add Class Member: Failed to add class member : Component R11 10k
Add Class Member: Failed to add class member : Component R12 10k
Add Class Member: Failed to add class member : Component R13 10k
Add Class Member: Failed to add class member : Component TP4 TP_1
Add Class Member: Failed to add class member : Component TP5 TP_1
Add Class Member: Failed to add class member : Component TP6 TP_1
Add Class Member: Failed to add class member : Component TP7 TP_1
Add Class Member: Failed to add class member : Component TP8 TP_1
Add Class Member: Failed to add class member : Component TP9 TP_1
Add Class Member: Failed to add class member : Component TP10 TP_1
Add Class Member: Failed to add class member : Component TP11 TP_1
Add Class Member: Failed to add class member : Component U2 NUCLEO-F446ZE
Add Class Member: Failed to add class member : Component U3 ADP2303ARDZ-5.0-R7
Add Class Member: Failed to add class member : Component U4 NCP186AMX330TAG
Add Class Member: Failed to add class member : Component U5 EV3419A
Add Class Member: Failed to add class member : Component U6 MIKROE-3449
Add Class Member: Failed to add class member : Component U7 LT6100IMS8#PBF
Added Room: Name=Current Sensing
