Change Component Designator: Old Designator=52.3K New Designator=1
Change Component Designator: Old Designator=C_DITH New Designator=C_DITH1
Change Component Designator: Old Designator=C_OUT_1 New Designator=C_OUT_4
Change Component Designator: Old Designator=C_OUT_2 New Designator=C_OUT_1
Change Component Designator: Old Designator=C_OUT_3 New Designator=C_OUT_5
Change Component Designator: Old Designator=C_OUT_4 New Designator=C_OUT_2
Change Component Designator: Old Designator=C_OUT_5 New Designator=C_OUT_6
Change Component Designator: Old Designator=C_OUT_6 New Designator=C_OUT_3
Change Component Designator: Old Designator=C_VIN New Designator=C_VIN1
Change Component Designator: Old Designator=CCM_SEL New Designator=CCM_SEL1
Change Component Designator: Old Designator=Ccs New Designator=Ccs1
Change Component Designator: Old Designator=C Slope New Designator=C Slope1
Change Component Designator: Old Designator=Css New Designator=Css1
Change Component Designator: Old Designator=CVCC New Designator=CVCC1
Change Component Designator: Old Designator=D_VIN New Designator=D_VIN1
Change Component Designator: Old Designator=DCM_SEL New Designator=DCM_SEL1
Change Component Designator: Old Designator=LF New Designator=LF1
Change Component Designator: Old Designator=Q1 New Designator=Q2
Change Component Designator: Old Designator=Q2 New Designator=Q3
Change Component Designator: Old Designator=Q3 New Designator=Q1
Change Component Designator: Old Designator=R_CCM New Designator=R_CCM1
Change Component Designator: Old Designator=R_CS New Designator=R_CS1
Change Component Designator: Old Designator=R_CSG New Designator=R_CSG1
Change Component Designator: Old Designator=R_DCM New Designator=R_DCM1
Change Component Designator: Old Designator=R_PGOOD New Designator=R_PGOOD1
Change Component Designator: Old Designator=R_T New Designator=R_T1
Change Component Designator: Old Designator=R_VIN New Designator=R_VIN1
Change Component Designator: Old Designator=RFB1 New Designator=RFB2
Change Component Designator: Old Designator=RFB2 New Designator=RFB1
Change Component Designator: Old Designator=Rs New Designator=Rs1
Change Component Designator: Old Designator=U New Designator=U1
