Change Component Designator: OldDesignator=52.3K NewDesignator=1
Change Component Designator: OldDesignator=C_DITH NewDesignator=C_DITH1
Change Component Designator: OldDesignator=C_OUT_1 NewDesignator=C_OUT_4
Change Component Designator: OldDesignator=C_OUT_2 NewDesignator=C_OUT_1
Change Component Designator: OldDesignator=C_OUT_3 NewDesignator=C_OUT_5
Change Component Designator: OldDesignator=C_OUT_4 NewDesignator=C_OUT_2
Change Component Designator: OldDesignator=C_OUT_5 NewDesignator=C_OUT_6
Change Component Designator: OldDesignator=C_OUT_6 NewDesignator=C_OUT_3
Change Component Designator: OldDesignator=C_VIN NewDesignator=C_VIN1
Change Component Designator: OldDesignator=CCM_SEL NewDesignator=CCM_SEL1
Change Component Designator: OldDesignator=Ccs NewDesignator=Ccs1
Change Component Designator: OldDesignator=C Slope NewDesignator=C Slope1
Change Component Designator: OldDesignator=Css NewDesignator=Css1
Change Component Designator: OldDesignator=CVCC NewDesignator=CVCC1
Change Component Designator: OldDesignator=D_VIN NewDesignator=D_VIN1
Change Component Designator: OldDesignator=DCM_SEL NewDesignator=DCM_SEL1
Change Component Designator: OldDesignator=LF NewDesignator=LF1
Change Component Designator: OldDesignator=Q1 NewDesignator=Q2
Change Component Designator: OldDesignator=Q2 NewDesignator=Q3
Change Component Designator: OldDesignator=Q3 NewDesignator=Q1
Change Component Designator: OldDesignator=R_CCM NewDesignator=R_CCM1
Change Component Designator: OldDesignator=R_CS NewDesignator=R_CS1
Change Component Designator: OldDesignator=R_CSG NewDesignator=R_CSG1
Change Component Designator: OldDesignator=R_DCM NewDesignator=R_DCM1
Change Component Designator: OldDesignator=R_PGOOD NewDesignator=R_PGOOD1
Change Component Designator: OldDesignator=R_T NewDesignator=R_T1
Change Component Designator: OldDesignator=R_VIN NewDesignator=R_VIN1
Change Component Designator: OldDesignator=RFB1 NewDesignator=RFB2
Change Component Designator: OldDesignator=RFB2 NewDesignator=RFB1
Change Component Designator: OldDesignator=Rs NewDesignator=Rs1
Change Component Designator: OldDesignator=U NewDesignator=U1
Change Net Name : Old Net Name=NetC_DITH_2 New Net Name=NetC_DITH1_2
Change Net Name : Old Net Name=NetC_VIN_1 New Net Name=NetC_VIN1_1
Change Net Name : Old Net Name=NetCcs_1 New Net Name=NetCcs1_1
Change Net Name : Old Net Name=NetCcs_2 New Net Name=NetCcs1_2
Change Net Name : Old Net Name=NetC Slope_2 New Net Name=NetC Slope1_2
Change Net Name : Old Net Name=NetCss_2 New Net Name=NetCss1_2
Change Net Name : Old Net Name=NetCVCC_2 New Net Name=NetCVCC1_2
Change Net Name : Old Net Name=NetD_VIN_1 New Net Name=NetD_VIN1_1
Change Net Name : Old Net Name=NetLF_2 New Net Name=NetLF1_2
Change Net Name : Old Net Name=NetQ1_4 New Net Name=NetQ2_4
Change Net Name : Old Net Name=NetQ2_4 New Net Name=NetQ3_4
Change Net Name : Old Net Name=NetR_PGOOD_1 New Net Name=NetR_PGOOD1_1
Change Net Name : Old Net Name=NetR_T_2 New Net Name=NetR_T1_2
Change Net Name : Old Net Name=NetU_13 New Net Name=NetU1_13
Added Room: Name=Boosty
